<?xml version="1.0" encoding="UTF-8"?>
<!-- Generated by org.testng.reporters.JUnitXMLReporter -->
<testsuite hostname="E105459" name="Test 1" tests="3" failures="0" timestamp="1 Feb 2017 19:47:26 GMT" time="20.146" errors="0">
  <testcase name="loadPage" time="8.207" classname="testCases.LoginTests"/>
  <testcase name="testMainLoginPage" time="3.766" classname="testCases.LoginTests"/>
  <testcase name="testMainLoginPage" time="2.113" classname="testCases.LoginTests"/>
</testsuite> <!-- Test 1 -->
