<?xml version="1.0" encoding="UTF-8"?>
<!-- Generated by org.testng.reporters.JUnitXMLReporter -->
<testsuite hostname="E105459" name="Test 1" tests="3" failures="0" timestamp="7 Feb 2017 05:58:35 GMT" time="19.125" errors="0">
  <testcase name="loadPage" time="4.23" classname="testCases.LoginTests"/>
  <testcase name="testMainLoginPage" time="4.243" classname="testCases.LoginTests"/>
  <testcase name="testMainLoginPage" time="3.261" classname="testCases.LoginTests"/>
</testsuite> <!-- Test 1 -->
