<?xml version="1.0" encoding="UTF-8"?>
<!-- Generated by org.testng.reporters.JUnitXMLReporter -->
<testsuite hostname="E105459" name="Default test" tests="3" failures="0" timestamp="2 Jul 2017 00:57:31 GMT" time="34.246" errors="0">
  <testcase name="loadPage" time="26.392" classname="testCases.AmazonSearchTest"/>
  <testcase name="SearchAmazonWithExcelData" time="0.0" classname="testCases.AmazonSearchTest">
    <skipped/>
  </testcase> <!-- SearchAmazonWithExcelData -->
  <testcase name="testGetTitle" time="0.002" classname="testCases.AmazonSearchTest"/>
</testsuite> <!-- Default test -->
