<?xml version="1.0" encoding="UTF-8"?>
<!-- Generated by org.testng.reporters.JUnitXMLReporter -->
<testsuite hostname="E105459" name="Tests 2" tests="4" failures="0" timestamp="7 Feb 2017 05:57:02 GMT" time="25.147" errors="0">
  <testcase name="loadPage" time="10.021" classname="testCases.AmazonLoginTests"/>
  <testcase name="testClickAcctLink" time="3.39" classname="testCases.AmazonLoginTests"/>
  <testcase name="testGetTitle" time="0.001" classname="testCases.AmazonLoginTests"/>
  <testcase name="testSearch" time="4.697" classname="testCases.AmazonLoginTests"/>
</testsuite> <!-- Tests 2 -->
