<?xml version="1.0" encoding="UTF-8"?>
<!-- Generated by org.testng.reporters.JUnitXMLReporter -->
<testsuite hostname="E105459" name="Test 1" tests="3" failures="0" timestamp="1 Feb 2017 20:30:59 GMT" time="14.88" errors="0">
  <testcase name="loadPage" time="2.589" classname="testCases.LoginTests"/>
  <testcase name="testMainLoginPage" time="2.727" classname="testCases.LoginTests"/>
  <testcase name="testMainLoginPage" time="2.865" classname="testCases.LoginTests"/>
</testsuite> <!-- Test 1 -->
