<?xml version="1.0" encoding="UTF-8"?>
<testng-results skipped="1" failed="0" total="3" passed="2">
  <reporter-output>
  </reporter-output>
  <suite name="Default suite" duration-ms="34246" started-at="2017-07-02T00:56:57Z" finished-at="2017-07-02T00:57:31Z">
    <groups>
    </groups>
    <test name="Default test" duration-ms="34246" started-at="2017-07-02T00:56:57Z" finished-at="2017-07-02T00:57:31Z">
      <class name="testCases.AmazonSearchTest">
        <test-method status="PASS" signature="setupBeforeClass()[pri:0, instance:testCases.AmazonSearchTest@2b98378d]" name="setupBeforeClass" is-config="true" duration-ms="3670" started-at="2017-07-01T17:56:57Z" finished-at="2017-07-01T17:57:00Z">
          <reporter-output>
          </reporter-output>
        </test-method> <!-- setupBeforeClass -->
        <test-method status="PASS" signature="setup()[pri:0, instance:testCases.AmazonSearchTest@2b98378d]" name="setup" is-config="true" duration-ms="13" started-at="2017-07-01T17:57:00Z" finished-at="2017-07-01T17:57:00Z">
          <reporter-output>
          </reporter-output>
        </test-method> <!-- setup -->
        <test-method status="PASS" signature="loadPage(java.lang.String)[pri:0, instance:testCases.AmazonSearchTest@2b98378d]" name="loadPage" duration-ms="26392" started-at="2017-07-01T17:57:00Z" finished-at="2017-07-01T17:57:27Z">
          <params>
            <param index="0">
              <value>
                <![CDATA[Chrome]]>
              </value>
            </param>
          </params>
          <reporter-output>
          </reporter-output>
        </test-method> <!-- loadPage -->
        <test-method status="SKIP" signature="SearchAmazonWithExcelData(java.lang.String)[pri:0, instance:testCases.AmazonSearchTest@2b98378d]" name="SearchAmazonWithExcelData" duration-ms="0" started-at="2017-07-01T17:57:27Z" data-provider="searchAmazon" depends-on-methods="testCases.AmazonSearchTest.loadPage" finished-at="2017-07-01T17:57:27Z">
          <exception class="java.lang.NullPointerException">
            <full-stacktrace>
              <![CDATA[java.lang.NullPointerException
	at org.testng.internal.MethodInvocationHelper.invokeDataProvider(MethodInvocationHelper.java:150)
	at org.testng.internal.Parameters.handleParameters(Parameters.java:430)
	at org.testng.internal.Invoker.handleParameters(Invoker.java:1270)
	at org.testng.internal.Invoker.createParameters(Invoker.java:985)
	at org.testng.internal.Invoker.invokeTestMethods(Invoker.java:1075)
	at org.testng.internal.TestMethodWorker.invokeTestMethods(TestMethodWorker.java:125)
	at org.testng.internal.TestMethodWorker.run(TestMethodWorker.java:108)
	at org.testng.TestRunner.privateRun(TestRunner.java:774)
	at org.testng.TestRunner.run(TestRunner.java:624)
	at org.testng.SuiteRunner.runTest(SuiteRunner.java:359)
	at org.testng.SuiteRunner.runSequentially(SuiteRunner.java:354)
	at org.testng.SuiteRunner.privateRun(SuiteRunner.java:312)
	at org.testng.SuiteRunner.run(SuiteRunner.java:261)
	at org.testng.SuiteRunnerWorker.runSuite(SuiteRunnerWorker.java:52)
	at org.testng.SuiteRunnerWorker.run(SuiteRunnerWorker.java:86)
	at org.testng.TestNG.runSuitesSequentially(TestNG.java:1215)
	at org.testng.TestNG.runSuitesLocally(TestNG.java:1140)
	at org.testng.TestNG.run(TestNG.java:1048)
	at org.testng.remote.AbstractRemoteTestNG.run(AbstractRemoteTestNG.java:126)
	at org.testng.remote.RemoteTestNG.initAndRun(RemoteTestNG.java:137)
	at org.testng.remote.RemoteTestNG.main(RemoteTestNG.java:58)
]]>
            </full-stacktrace>
          </exception> <!-- java.lang.NullPointerException -->
          <reporter-output>
          </reporter-output>
        </test-method> <!-- SearchAmazonWithExcelData -->
        <test-method status="PASS" signature="testGetTitle()[pri:0, instance:testCases.AmazonSearchTest@2b98378d]" name="testGetTitle" duration-ms="2" started-at="2017-07-01T17:57:27Z" depends-on-methods="testCases.AmazonSearchTest.loadPage" finished-at="2017-07-01T17:57:27Z">
          <reporter-output>
          </reporter-output>
        </test-method> <!-- testGetTitle -->
        <test-method status="PASS" signature="cleanup()[pri:0, instance:testCases.AmazonSearchTest@2b98378d]" name="cleanup" is-config="true" duration-ms="4115" started-at="2017-07-01T17:57:27Z" finished-at="2017-07-01T17:57:31Z">
          <reporter-output>
          </reporter-output>
        </test-method> <!-- cleanup -->
      </class> <!-- testCases.AmazonSearchTest -->
    </test> <!-- Default test -->
  </suite> <!-- Default suite -->
</testng-results>
