<?xml version="1.0" encoding="UTF-8"?>
<!-- Generated by org.testng.reporters.JUnitXMLReporter -->
<testsuite hostname="E105459" name="P1 Test" tests="1" failures="1" timestamp="27 Jan 2017 06:02:31 GMT" time="2.975" errors="0">
  <testcase name="@AfterClass teardown" time="0.0" classname="testCases.AmazonTests">
    <failure type="java.lang.NullPointerException">
      <![CDATA[java.lang.NullPointerException
	at testCases.AmazonTests.teardown(AmazonTests.java:57)
... Removed 24 stack frames]]>
    </failure>
  </testcase> <!-- @AfterClass teardown -->
  <testcase name="loadPage" time="0.005" classname="testCases.AmazonTests">
    <failure type="java.lang.NullPointerException">
      <![CDATA[java.lang.NullPointerException
	at testCases.AmazonTests.loadPage(AmazonTests.java:20)
... Removed 24 stack frames]]>
    </failure>
  </testcase> <!-- loadPage -->
</testsuite> <!-- P1 Test -->
