<?xml version="1.0" encoding="UTF-8"?>
<!-- Generated by org.testng.reporters.JUnitXMLReporter -->
<testsuite hostname="E105459" name="P2 Tests" tests="3" failures="0" timestamp="30 Jan 2017 02:35:15 GMT" time="14.318" errors="0">
  <testcase name="loadPage" time="3.695" classname="testCases.FirstTestCase"/>
  <testcase name="testClickAcctLink" time="1.443" classname="testCases.FirstTestCase"/>
  <testcase name="testSearch" time="5.256" classname="testCases.FirstTestCase"/>
</testsuite> <!-- P2 Tests -->
